<?xml version="1.0" encoding="UTF-8"?>
<!-- Generated by org.testng.reporters.JUnitReportReporter -->
<testsuite hostname="DESKTOP-KMOGL3M" failures="0" tests="6" name="finalCall.onboardingFinalCalls" time="0.019" errors="1" timestamp="2024-09-11T10:06:21 IST" skipped="5">
  <testcase classname="finalCall.onboardingFinalCalls" name="getBrowser" time="0.019">
    <error message="Cannot invoke &quot;String.contains(java.lang.CharSequence)&quot; because &quot;browserName&quot; is null" type="java.lang.NullPointerException">
      <![CDATA[java.lang.NullPointerException: Cannot invoke "String.contains(java.lang.CharSequence)" because "browserName" is null
at resources.base.initializeDriver(base.java:29)
at finalCall.onboardingFinalCalls.getBrowser(onboardingFinalCalls.java:36)
at java.base/jdk.internal.reflect.DirectMethodHandleAccessor.invoke(DirectMethodHandleAccessor.java:103)
at java.base/java.lang.reflect.Method.invoke(Method.java:580)
at org.testng.internal.MethodInvocationHelper.invokeMethod(MethodInvocationHelper.java:133)
at org.testng.internal.MethodInvocationHelper.invokeMethodConsideringTimeout(MethodInvocationHelper.java:62)
at org.testng.internal.ConfigInvoker.invokeConfigurationMethod(ConfigInvoker.java:385)
at org.testng.internal.ConfigInvoker.invokeConfigurations(ConfigInvoker.java:321)
at org.testng.internal.TestMethodWorker.invokeBeforeClassMethods(TestMethodWorker.java:176)
at org.testng.internal.TestMethodWorker.run(TestMethodWorker.java:122)
at java.base/java.util.ArrayList.forEach(ArrayList.java:1597)
at org.testng.TestRunner.privateRun(TestRunner.java:794)
at org.testng.TestRunner.run(TestRunner.java:596)
at org.testng.SuiteRunner.runTest(SuiteRunner.java:377)
at org.testng.SuiteRunner.runSequentially(SuiteRunner.java:371)
at org.testng.SuiteRunner.privateRun(SuiteRunner.java:332)
at org.testng.SuiteRunner.run(SuiteRunner.java:276)
at org.testng.SuiteRunnerWorker.runSuite(SuiteRunnerWorker.java:53)
at org.testng.SuiteRunnerWorker.run(SuiteRunnerWorker.java:96)
at org.testng.TestNG.runSuitesSequentially(TestNG.java:1212)
at org.testng.TestNG.runSuitesLocally(TestNG.java:1134)
at org.testng.TestNG.runSuites(TestNG.java:1063)
at org.testng.TestNG.run(TestNG.java:1031)
at org.testng.remote.AbstractRemoteTestNG.run(AbstractRemoteTestNG.java:115)
at org.testng.remote.RemoteTestNG.initAndRun(RemoteTestNG.java:293)
at org.testng.remote.RemoteTestNG.main(RemoteTestNG.java:91)
]]>
    </error>
  </testcase> <!-- getBrowser -->
  <system-out/>
  <testcase classname="finalCall.onboardingFinalCalls" name="login" time="0.000">
    <skipped/>
  </testcase> <!-- login -->
  <system-out/>
  <testcase classname="finalCall.onboardingFinalCalls" name="Dashboard" time="0.000">
    <skipped/>
  </testcase> <!-- Dashboard -->
  <system-out/>
  <testcase classname="finalCall.onboardingFinalCalls" name="CustomerCapture" time="0.000">
    <skipped/>
  </testcase> <!-- CustomerCapture -->
  <system-out/>
  <testcase classname="finalCall.onboardingFinalCalls" name="SelectProduct" time="0.000">
    <skipped/>
  </testcase> <!-- SelectProduct -->
  <system-out/>
  <testcase classname="finalCall.onboardingFinalCalls" name="ProductConfigurationPage" time="0.000">
    <skipped/>
  </testcase> <!-- ProductConfigurationPage -->
  <system-out/>
</testsuite> <!-- finalCall.onboardingFinalCalls -->
