<?xml version="1.0" encoding="UTF-8"?>
<!-- Generated by org.testng.reporters.JUnitXMLReporter -->
<testsuite ignored="0" hostname="DESKTOP-KMOGL3M" failures="1" tests="36" name="Prepaid Test" time="9.198" errors="0" timestamp="2024-09-27T16:04:37 IST">
  <testcase classname="finalCall.AddVasFinalCalls" name="@BeforeClass DriverIntialization" time="0.001">
    <skipped/>
  </testcase> <!-- @BeforeClass DriverIntialization -->
  <testcase classname="finalCall.RemoveVasFinalCalls" name="@BeforeClass DriverIntialization" time="0.0">
    <skipped/>
  </testcase> <!-- @BeforeClass DriverIntialization -->
  <testcase classname="finalCall.SuspensionFinalCalls" name="@BeforeClass DriverIntialization" time="0.001">
    <skipped/>
  </testcase> <!-- @BeforeClass DriverIntialization -->
  <testcase classname="finalCall.RevokeSuspensionFinalCalls" name="@BeforeClass DriverIntialization" time="0.001">
    <skipped/>
  </testcase> <!-- @BeforeClass DriverIntialization -->
  <testcase classname="finalCall.onboardingFinalCalls" name="login" time="6.292">
    <failure type="org.openqa.selenium.NoSuchWindowException" message="no such window: target window already closed
from unknown error: web view not found
  (Session info: chrome=129.0.6668.60)
Build info: version: &amp;apos;4.23.1&amp;apos;, revision: &amp;apos;656257d8e9&amp;apos;
System info: os.name: &amp;apos;Windows 10&amp;apos;, os.arch: &amp;apos;amd64&amp;apos;, os.version: &amp;apos;10.0&amp;apos;, java.version: &amp;apos;17.0.12&amp;apos;
Driver info: org.openqa.selenium.chrome.ChromeDriver
Command: [9f99ae4d63471738428e274c817dace0, findElement {value=//*[@id=&amp;apos;showDetails&amp;apos;], using=xpath}]
Capabilities {acceptInsecureCerts: false, browserName: chrome, browserVersion: 129.0.6668.60, chrome: {chromedriverVersion: 129.0.6668.70 (df87d5cf12b1..., userDataDir: C:\Users\santosh\AppData\Lo...}, fedcm:accounts: true, goog:chromeOptions: {debuggerAddress: localhost:64375}, networkConnectionEnabled: false, pageLoadStrategy: normal, platformName: windows, proxy: Proxy(), se:cdp: ws://localhost:64375/devtoo..., se:cdpVersion: 129.0.6668.60, setWindowRect: true, strictFileInteractability: false, timeouts: {implicit: 0, pageLoad: 300000, script: 30000}, unhandledPromptBehavior: dismiss and notify, webauthn:extension:credBlob: true, webauthn:extension:largeBlob: true, webauthn:extension:minPinLength: true, webauthn:extension:prf: true, webauthn:virtualAuthenticators: true}
Session ID: 9f99ae4d63471738428e274c817dace0">
      <![CDATA[org.openqa.selenium.NoSuchWindowException: no such window: target window already closed
from unknown error: web view not found
  (Session info: chrome=129.0.6668.60)
Build info: version: '4.23.1', revision: '656257d8e9'
System info: os.name: 'Windows 10', os.arch: 'amd64', os.version: '10.0', java.version: '17.0.12'
Driver info: org.openqa.selenium.chrome.ChromeDriver
Command: [9f99ae4d63471738428e274c817dace0, findElement {value=//*[@id='showDetails'], using=xpath}]
Capabilities {acceptInsecureCerts: false, browserName: chrome, browserVersion: 129.0.6668.60, chrome: {chromedriverVersion: 129.0.6668.70 (df87d5cf12b1..., userDataDir: C:\Users\santosh\AppData\Lo...}, fedcm:accounts: true, goog:chromeOptions: {debuggerAddress: localhost:64375}, networkConnectionEnabled: false, pageLoadStrategy: normal, platformName: windows, proxy: Proxy(), se:cdp: ws://localhost:64375/devtoo..., se:cdpVersion: 129.0.6668.60, setWindowRect: true, strictFileInteractability: false, timeouts: {implicit: 0, pageLoad: 300000, script: 30000}, unhandledPromptBehavior: dismiss and notify, webauthn:extension:credBlob: true, webauthn:extension:largeBlob: true, webauthn:extension:minPinLength: true, webauthn:extension:prf: true, webauthn:virtualAuthenticators: true}
Session ID: 9f99ae4d63471738428e274c817dace0
at org.openqa.selenium.remote.ErrorCodec.decode(ErrorCodec.java:167)
at org.openqa.selenium.remote.codec.w3c.W3CHttpResponseCodec.decode(W3CHttpResponseCodec.java:138)
at org.openqa.selenium.remote.codec.w3c.W3CHttpResponseCodec.decode(W3CHttpResponseCodec.java:50)
at org.openqa.selenium.remote.HttpCommandExecutor.execute(HttpCommandExecutor.java:190)
at org.openqa.selenium.remote.service.DriverCommandExecutor.invokeExecute(DriverCommandExecutor.java:216)
at org.openqa.selenium.remote.service.DriverCommandExecutor.execute(DriverCommandExecutor.java:174)
at org.openqa.selenium.remote.RemoteWebDriver.execute(RemoteWebDriver.java:545)
at org.openqa.selenium.remote.ElementLocation$ElementFinder$2.findElement(ElementLocation.java:165)
at org.openqa.selenium.remote.ElementLocation.findElement(ElementLocation.java:59)
at org.openqa.selenium.remote.RemoteWebDriver.findElement(RemoteWebDriver.java:368)
at org.openqa.selenium.remote.RemoteWebDriver.findElement(RemoteWebDriver.java:362)
at org.openqa.selenium.support.pagefactory.DefaultElementLocator.findElement(DefaultElementLocator.java:68)
at org.openqa.selenium.support.pagefactory.internal.LocatingElementHandler.invoke(LocatingElementHandler.java:38)
at jdk.proxy2/jdk.proxy2.$Proxy27.toString(Unknown Source)
at java.base/java.lang.String.valueOf(String.java:4220)
at org.openqa.selenium.support.ui.ExpectedConditions$10.toString(ExpectedConditions.java:295)
at java.base/java.lang.String.valueOf(String.java:4220)
at org.openqa.selenium.support.ui.FluentWait.until(FluentWait.java:225)
at pageObjects.LoginPageObjects.cert(LoginPageObjects.java:36)
at Academy.LoginPage.basePageNavigation(LoginPage.java:34)
at finalCall.onboardingFinalCalls.login(onboardingFinalCalls.java:66)
at java.base/java.util.ArrayList.forEach(ArrayList.java:1511)
... Removed 36 stack frames]]>
    </failure>
  </testcase> <!-- login -->
  <testcase classname="finalCall.onboardingFinalCalls" name="Dashboard" time="0.001">
    <skipped/>
  </testcase> <!-- Dashboard -->
  <testcase classname="finalCall.onboardingFinalCalls" name="CustomerCapture" time="0.001">
    <skipped/>
  </testcase> <!-- CustomerCapture -->
  <testcase classname="finalCall.onboardingFinalCalls" name="SelectProduct" time="0.0">
    <skipped/>
  </testcase> <!-- SelectProduct -->
  <testcase classname="finalCall.onboardingFinalCalls" name="ProductConfigurationPage" time="0.0">
    <skipped/>
  </testcase> <!-- ProductConfigurationPage -->
  <testcase classname="finalCall.onboardingFinalCalls" name="ProductUserDetailsPage" time="0.0">
    <skipped/>
  </testcase> <!-- ProductUserDetailsPage -->
  <testcase classname="finalCall.onboardingFinalCalls" name="SummaryPage" time="0.0">
    <skipped/>
  </testcase> <!-- SummaryPage -->
  <testcase classname="finalCall.onboardingFinalCalls" name="Paymentpage" time="0.0">
    <skipped/>
  </testcase> <!-- Paymentpage -->
  <testcase classname="finalCall.onboardingFinalCalls" name="StatusCheck" time="0.0">
    <skipped/>
  </testcase> <!-- StatusCheck -->
  <testcase classname="finalCall.AddVasFinalCalls" name="login" time="0.0">
    <skipped/>
  </testcase> <!-- login -->
  <testcase classname="finalCall.AddVasFinalCalls" name="SearchCustomer" time="0.0">
    <skipped/>
  </testcase> <!-- SearchCustomer -->
  <testcase classname="finalCall.AddVasFinalCalls" name="Customer360View" time="0.0">
    <skipped/>
  </testcase> <!-- Customer360View -->
  <testcase classname="finalCall.AddVasFinalCalls" name="SelectSubscriptionPage" time="0.0">
    <skipped/>
  </testcase> <!-- SelectSubscriptionPage -->
  <testcase classname="finalCall.AddVasFinalCalls" name="SelectVasPlanAndTypePage" time="0.0">
    <skipped/>
  </testcase> <!-- SelectVasPlanAndTypePage -->
  <testcase classname="finalCall.AddVasFinalCalls" name="ProductConfigurationPage" time="0.0">
    <skipped/>
  </testcase> <!-- ProductConfigurationPage -->
  <testcase classname="finalCall.AddVasFinalCalls" name="SummaryPage" time="0.0">
    <skipped/>
  </testcase> <!-- SummaryPage -->
  <testcase classname="finalCall.AddVasFinalCalls" name="AddvasStatusCheck" time="0.0">
    <skipped/>
  </testcase> <!-- AddvasStatusCheck -->
  <testcase classname="finalCall.RemoveVasFinalCalls" name="login" time="0.0">
    <skipped/>
  </testcase> <!-- login -->
  <testcase classname="finalCall.RemoveVasFinalCalls" name="RemoveVasSearchCustomer" time="0.0">
    <skipped/>
  </testcase> <!-- RemoveVasSearchCustomer -->
  <testcase classname="finalCall.RemoveVasFinalCalls" name="RemoveVasCustomer360View" time="0.0">
    <skipped/>
  </testcase> <!-- RemoveVasCustomer360View -->
  <testcase classname="finalCall.RemoveVasFinalCalls" name="RemoveVasSelectSubscriptionPage" time="0.0">
    <skipped/>
  </testcase> <!-- RemoveVasSelectSubscriptionPage -->
  <testcase classname="finalCall.RemoveVasFinalCalls" name="RemoveVasSummaryPage" time="0.0">
    <skipped/>
  </testcase> <!-- RemoveVasSummaryPage -->
  <testcase classname="finalCall.RemoveVasFinalCalls" name="RemoveVasStatusCheck" time="0.0">
    <skipped/>
  </testcase> <!-- RemoveVasStatusCheck -->
  <testcase classname="finalCall.SuspensionFinalCalls" name="login" time="0.0">
    <skipped/>
  </testcase> <!-- login -->
  <testcase classname="finalCall.SuspensionFinalCalls" name="SuspensionSearchCustomer" time="0.0">
    <skipped/>
  </testcase> <!-- SuspensionSearchCustomer -->
  <testcase classname="finalCall.SuspensionFinalCalls" name="SuspensionCustomer360View" time="0.0">
    <skipped/>
  </testcase> <!-- SuspensionCustomer360View -->
  <testcase classname="finalCall.SuspensionFinalCalls" name="SuspensionSelectSubscriptionPage" time="0.0">
    <skipped/>
  </testcase> <!-- SuspensionSelectSubscriptionPage -->
  <testcase classname="finalCall.SuspensionFinalCalls" name="SuspensionSummaryPage" time="0.0">
    <skipped/>
  </testcase> <!-- SuspensionSummaryPage -->
  <testcase classname="finalCall.SuspensionFinalCalls" name="SuspensionPaymentpage" time="0.001">
    <skipped/>
  </testcase> <!-- SuspensionPaymentpage -->
  <testcase classname="finalCall.SuspensionFinalCalls" name="SuspensionStatusCheck" time="0.0">
    <skipped/>
  </testcase> <!-- SuspensionStatusCheck -->
  <testcase classname="finalCall.RevokeSuspensionFinalCalls" name="login" time="0.0">
    <skipped/>
  </testcase> <!-- login -->
  <testcase classname="finalCall.RevokeSuspensionFinalCalls" name="RevokeSuspensionSearchCustomer" time="0.0">
    <skipped/>
  </testcase> <!-- RevokeSuspensionSearchCustomer -->
  <testcase classname="finalCall.RevokeSuspensionFinalCalls" name="RevokeSuspensionCustomer360View" time="0.001">
    <skipped/>
  </testcase> <!-- RevokeSuspensionCustomer360View -->
  <testcase classname="finalCall.RevokeSuspensionFinalCalls" name="RevokeSuspensionSelectSubscriptionPage" time="0.0">
    <skipped/>
  </testcase> <!-- RevokeSuspensionSelectSubscriptionPage -->
  <testcase classname="finalCall.RevokeSuspensionFinalCalls" name="RevokeSuspensionSummaryPage" time="0.001">
    <skipped/>
  </testcase> <!-- RevokeSuspensionSummaryPage -->
  <testcase classname="finalCall.RevokeSuspensionFinalCalls" name="RevokeSuspensionStatusCheck" time="0.0">
    <skipped/>
  </testcase> <!-- RevokeSuspensionStatusCheck -->
</testsuite> <!-- Prepaid Test -->
